[10:55:50] [Server thread/INFO]: Starting minecraft server version 1.15.1
[10:55:50] [Server thread/INFO]: Loading properties
[10:55:51] [Server thread/INFO]: This server is running CraftBukkit version git-Spigot-037559e-e8cb2f5 (MC: 1.15.1) (Implementing API version 1.15.1-R0.1-SNAPSHOT)
[10:55:52] [Server thread/INFO]: Debug logging is disabled
[10:55:52] [Server thread/INFO]: Server Ping Player Sample Count: 12
[10:55:52] [Server thread/INFO]: Using 4 threads for Netty based IO
[10:55:52] [Server thread/INFO]: Default game type: ADVENTURE
[10:55:52] [Server thread/INFO]: Generating keypair
[10:55:52] [Server thread/INFO]: Starting Minecraft server on *:25565
[10:55:52] [Server thread/INFO]: Using default channel type
[10:56:13] [Server thread/WARN]: Plugin DisableJoinMessage v1.0 does not specify an api-version.
[10:56:13] [Server thread/INFO]: [DisableJoinMessage] Loading DisableJoinMessage v1.0
[10:56:13] [Server thread/INFO]: [Skript] Loading Skript v2.4.1
[10:56:13] [Server thread/WARN]: **** SERVER IS RUNNING IN OFFLINE/INSECURE MODE!
[10:56:13] [Server thread/WARN]: The server will make no attempt to authenticate usernames. Beware.
[10:56:13] [Server thread/WARN]: While this makes the game possible to play without internet access, it also opens up the ability for hackers to connect with any username they choose.
[10:56:13] [Server thread/WARN]: To change this, set "online-mode" to "true" in the server.properties file.
[10:56:13] [Server thread/INFO]: Preparing level "world"
[10:56:14] [Server thread/INFO]: Reloading ResourceManager: Default, bukkit
[10:56:15] [Server thread/INFO]: Loaded 6 recipes
[10:56:20] [Server thread/INFO]: -------- World Settings For [world] --------
[10:56:20] [Server thread/INFO]: View Distance: 10
[10:56:20] [Server thread/INFO]: Zombie Aggressive Towards Villager: true
[10:56:20] [Server thread/INFO]: Item Despawn Rate: 6000
[10:56:20] [Server thread/INFO]: Item Merge Radius: 2.5
[10:56:20] [Server thread/INFO]: Arrow Despawn Rate: 1200 Trident Respawn Rate:1200
[10:56:20] [Server thread/INFO]: Entity Tracking Range: Pl 48 / An 48 / Mo 48 / Mi 32 / Other 64
[10:56:20] [Server thread/INFO]: Entity Activation Range: An 32 / Mo 32 / Ra 48 / Mi 16 / Tiv true
[10:56:20] [Server thread/INFO]: Cactus Growth Modifier: 100%
[10:56:20] [Server thread/INFO]: Cane Growth Modifier: 100%
[10:56:20] [Server thread/INFO]: Melon Growth Modifier: 100%
[10:56:20] [Server thread/INFO]: Mushroom Growth Modifier: 100%
[10:56:20] [Server thread/INFO]: Pumpkin Growth Modifier: 100%
[10:56:20] [Server thread/INFO]: Sapling Growth Modifier: 100%
[10:56:20] [Server thread/INFO]: Beetroot Growth Modifier: 100%
[10:56:20] [Server thread/INFO]: Carrot Growth Modifier: 100%
[10:56:20] [Server thread/INFO]: Potato Growth Modifier: 100%
[10:56:20] [Server thread/INFO]: Wheat Growth Modifier: 100%
[10:56:20] [Server thread/INFO]: NetherWart Growth Modifier: 100%
[10:56:20] [Server thread/INFO]: Vine Growth Modifier: 100%
[10:56:20] [Server thread/INFO]: Cocoa Growth Modifier: 100%
[10:56:20] [Server thread/INFO]: Bamboo Growth Modifier: 100%
[10:56:20] [Server thread/INFO]: SweetBerry Growth Modifier: 100%
[10:56:20] [Server thread/INFO]: Kelp Growth Modifier: 100%
[10:56:20] [Server thread/INFO]: Experience Merge Radius: 3.0
[10:56:20] [Server thread/INFO]: Mob Spawn Range: 6
[10:56:20] [Server thread/INFO]: Hopper Transfer: 8 Hopper Check: 1 Hopper Amount: 1
[10:56:20] [Server thread/INFO]: Max TNT Explosions: 100
[10:56:20] [Server thread/INFO]: Tile Max Tick Time: 50ms Entity max Tick Time: 50ms
[10:56:20] [Server thread/INFO]: Allow Zombie Pigmen to spawn from portal blocks: true
[10:56:20] [Server thread/INFO]: Nerfing mobs spawned from spawners: false
[10:56:20] [Server thread/INFO]: Custom Map Seeds:  Village: 10387312 Desert: 14357617 Igloo: 14357618 Jungle: 14357619 Swamp: 14357620 Monument: 10387313Ocean: 14357621 Shipwreck: 165745295 Slime: 987234911
[10:56:21] [Server thread/INFO]: -------- World Settings For [world_nether] --------
[10:56:21] [Server thread/INFO]: View Distance: 10
[10:56:21] [Server thread/INFO]: Zombie Aggressive Towards Villager: true
[10:56:21] [Server thread/INFO]: Item Despawn Rate: 6000
[10:56:21] [Server thread/INFO]: Item Merge Radius: 2.5
[10:56:21] [Server thread/INFO]: Arrow Despawn Rate: 1200 Trident Respawn Rate:1200
[10:56:21] [Server thread/INFO]: Entity Tracking Range: Pl 48 / An 48 / Mo 48 / Mi 32 / Other 64
[10:56:21] [Server thread/INFO]: Entity Activation Range: An 32 / Mo 32 / Ra 48 / Mi 16 / Tiv true
[10:56:21] [Server thread/INFO]: Cactus Growth Modifier: 100%
[10:56:21] [Server thread/INFO]: Cane Growth Modifier: 100%
[10:56:21] [Server thread/INFO]: Melon Growth Modifier: 100%
[10:56:21] [Server thread/INFO]: Mushroom Growth Modifier: 100%
[10:56:21] [Server thread/INFO]: Pumpkin Growth Modifier: 100%
[10:56:21] [Server thread/INFO]: Sapling Growth Modifier: 100%
[10:56:21] [Server thread/INFO]: Beetroot Growth Modifier: 100%
[10:56:21] [Server thread/INFO]: Carrot Growth Modifier: 100%
[10:56:21] [Server thread/INFO]: Potato Growth Modifier: 100%
[10:56:21] [Server thread/INFO]: Wheat Growth Modifier: 100%
[10:56:21] [Server thread/INFO]: NetherWart Growth Modifier: 100%
[10:56:21] [Server thread/INFO]: Vine Growth Modifier: 100%
[10:56:21] [Server thread/INFO]: Cocoa Growth Modifier: 100%
[10:56:21] [Server thread/INFO]: Bamboo Growth Modifier: 100%
[10:56:21] [Server thread/INFO]: SweetBerry Growth Modifier: 100%
[10:56:21] [Server thread/INFO]: Kelp Growth Modifier: 100%
[10:56:21] [Server thread/INFO]: Experience Merge Radius: 3.0
[10:56:21] [Server thread/INFO]: Mob Spawn Range: 6
[10:56:21] [Server thread/INFO]: Hopper Transfer: 8 Hopper Check: 1 Hopper Amount: 1
[10:56:21] [Server thread/INFO]: Max TNT Explosions: 100
[10:56:21] [Server thread/INFO]: Tile Max Tick Time: 50ms Entity max Tick Time: 50ms
[10:56:21] [Server thread/INFO]: Allow Zombie Pigmen to spawn from portal blocks: true
[10:56:21] [Server thread/INFO]: Nerfing mobs spawned from spawners: false
[10:56:21] [Server thread/INFO]: Custom Map Seeds:  Village: 10387312 Desert: 14357617 Igloo: 14357618 Jungle: 14357619 Swamp: 14357620 Monument: 10387313Ocean: 14357621 Shipwreck: 165745295 Slime: 987234911
[10:56:21] [Server thread/INFO]: Preparing start region for dimension 'world'/minecraft:overworld
[10:56:24] [Server thread/INFO]: Preparing spawn area: 0%
[10:56:24] [Server thread/INFO]: Preparing spawn area: 0%
[10:56:24] [Server thread/INFO]: Preparing spawn area: 0%
[10:56:24] [Server thread/INFO]: Preparing spawn area: 0%
[10:56:24] [Server thread/INFO]: Preparing spawn area: 0%
[10:56:24] [Server thread/INFO]: Preparing spawn area: 0%
[10:56:24] [Server thread/INFO]: Preparing spawn area: 0%
[10:56:25] [Server thread/INFO]: Preparing spawn area: 0%
[10:56:37] [Server-Worker-2/INFO]: Preparing spawn area: 0%
[10:56:37] [Server-Worker-1/INFO]: Preparing spawn area: 0%
[10:56:37] [Server-Worker-1/INFO]: Preparing spawn area: 0%
[10:56:37] [Server-Worker-1/INFO]: Preparing spawn area: 0%
[10:56:37] [Server-Worker-2/INFO]: Preparing spawn area: 0%
[10:56:37] [Server-Worker-3/INFO]: Preparing spawn area: 0%
[10:56:37] [Server-Worker-3/INFO]: Preparing spawn area: 0%
[10:56:37] [Server-Worker-3/INFO]: Preparing spawn area: 0%
[10:56:37] [Server-Worker-1/INFO]: Preparing spawn area: 0%
[10:56:37] [Server-Worker-1/INFO]: Preparing spawn area: 0%
[10:56:37] [Server-Worker-2/INFO]: Preparing spawn area: 0%
[10:56:37] [Server-Worker-2/INFO]: Preparing spawn area: 0%
[10:56:37] [Server-Worker-1/INFO]: Preparing spawn area: 0%
[10:56:37] [Server-Worker-1/INFO]: Preparing spawn area: 0%
[10:56:37] [Server-Worker-1/INFO]: Preparing spawn area: 0%
[10:56:37] [Server-Worker-1/INFO]: Preparing spawn area: 0%
[10:56:37] [Server-Worker-1/INFO]: Preparing spawn area: 0%
[10:56:37] [Server-Worker-1/INFO]: Preparing spawn area: 0%
[10:56:37] [Server-Worker-1/INFO]: Preparing spawn area: 0%
[10:56:37] [Server-Worker-3/INFO]: Preparing spawn area: 0%
[10:56:37] [Server-Worker-3/INFO]: Preparing spawn area: 0%
[10:56:37] [Server-Worker-3/INFO]: Preparing spawn area: 0%
[10:56:37] [Server-Worker-3/INFO]: Preparing spawn area: 0%
[10:56:37] [Server-Worker-3/INFO]: Preparing spawn area: 0%
[10:56:37] [Server thread/INFO]: Preparing spawn area: 0%
[10:56:37] [Server thread/INFO]: Preparing spawn area: 15%
[10:56:38] [Server thread/INFO]: Time elapsed: 17221 ms
[10:56:38] [Server thread/INFO]: Preparing start region for dimension 'world_nether'/minecraft:the_nether
[10:56:40] [Server thread/INFO]: Preparing spawn area: 0%
[10:56:40] [Server thread/INFO]: Preparing spawn area: 0%
[10:56:40] [Server thread/INFO]: Preparing spawn area: 0%
[10:56:40] [Server thread/INFO]: Preparing spawn area: 0%
[10:56:40] [Server thread/INFO]: Preparing spawn area: 69%
[10:56:41] [Server-Worker-1/INFO]: Preparing spawn area: 83%
[10:56:41] [Server-Worker-3/INFO]: Preparing spawn area: 83%
[10:56:42] [Server-Worker-3/INFO]: Preparing spawn area: 83%
[10:56:42] [Server-Worker-3/INFO]: Preparing spawn area: 83%
[10:56:43] [Server-Worker-3/INFO]: Preparing spawn area: 83%
[10:56:43] [Server-Worker-3/INFO]: Preparing spawn area: 83%
[10:56:44] [Server-Worker-2/INFO]: Preparing spawn area: 83%
[10:56:44] [Server-Worker-3/INFO]: Preparing spawn area: 83%
[10:56:45] [Server-Worker-1/INFO]: Preparing spawn area: 84%
[10:56:45] [Server-Worker-1/INFO]: Preparing spawn area: 89%
[10:56:46] [Server-Worker-1/INFO]: Preparing spawn area: 92%
[10:56:46] [Server-Worker-1/INFO]: Preparing spawn area: 96%
[10:56:46] [Server thread/INFO]: Time elapsed: 8124 ms
[10:56:46] [Server thread/INFO]: [DisableJoinMessage] Enabling DisableJoinMessage v1.0
[10:56:46] [Server thread/INFO]: §c===================================
[10:56:46] [Server thread/INFO]: §c===================================
[10:56:46] [Server thread/INFO]: §aCheck out my other Plugins!
[10:56:46] [Server thread/INFO]: §aI also sell a BedWars §aPlugin!
[10:56:46] [Server thread/INFO]: §c===================================
[10:56:46] [Server thread/INFO]: §c===================================
[10:56:46] [Server thread/INFO]: [Skript] Enabling Skript v2.4.1
[10:56:51] [ForkJoinPool.commonPool-worker-1/INFO]: [0;37;22m[[0;33;22mSkript[0;37;22m][m You're currently running the latest stable version of Skript.[m
[10:57:09] [Server thread/INFO]: [Skript] Loaded 114752 aliases in 21615ms
[10:57:11] [Server thread/INFO]: [Skript]  ~ created by & © Peter Güttinger aka Njol ~
[10:57:11] [Server thread/INFO]: Server permissions file permissions.yml is empty, ignoring it
[10:57:11] [Server thread/INFO]: Done (57.698s)! For help, type "help"
[10:57:11] [Server thread/INFO]: [Skript] Loading variables...
[10:57:11] [Server thread/INFO]: [Skript] Loaded 0 variables in 0.0 seconds
[10:57:11] [Server thread/INFO]: [Skript] All scripts loaded without errors.
[10:57:11] [Server thread/INFO]: [Skript] Loaded 1 script with a total of 4 triggers and 0 commands in 0.25 seconds
[10:57:11] [Server thread/INFO]: [Skript] Finished loading.
[10:57:12] [User Authenticator #1/INFO]: UUID of player MaitreRouge is c5f01ead-7b59-3ef0-8382-3708a0a20d7c
[10:57:12] [Server thread/INFO]: com.mojang.authlib.GameProfile@4e99c180[id=c5f01ead-7b59-3ef0-8382-3708a0a20d7c,name=MaitreRouge,properties={},legacy=false] (/192.168.43.213:60859) lost connection: Disconnected
[10:57:12] [User Authenticator #2/INFO]: UUID of player Yanis is b2583827-9eeb-3dd9-8189-e08f4caf85d4
[10:57:13] [Server thread/INFO]: Yanis[/192.168.43.115:51408] logged in with entity id 106 at ([world]561.0962063149318, 81.90760089761639, 1660.2648829257032)
[10:57:16] [User Authenticator #3/INFO]: UUID of player saukia is 00561882-30e3-3bea-8c71-5b4ec16560a2
[10:57:17] [Server thread/INFO]: saukia[/127.0.0.1:3916] logged in with entity id 107 at ([world]555.3310577292484, 96.49807013976464, 1678.0876988581635)
[10:57:17] [Server thread/WARN]: Can't keep up! Is the server overloaded? Running 5797ms or 115 ticks behind
[10:57:19] [Server thread/INFO]: [0;32;22m[21mYanis [0;36;1m[21ma rejoint la partie ![m
[10:57:19] [Server thread/INFO]: [0;32;22m[21msaukia [0;36;1m[21ma rejoint la partie ![m
[10:57:20] [User Authenticator #4/INFO]: UUID of player MaitreRouge is c5f01ead-7b59-3ef0-8382-3708a0a20d7c
[10:57:21] [Server thread/INFO]: MaitreRouge[/192.168.43.213:60886] logged in with entity id 110 at ([world]573.9617715267309, 71.79408640493416, 1664.7928363980004)
[10:57:22] [Server thread/INFO]: [0;32;22m[21mMaitreRouge [0;36;1m[21ma rejoint la partie ![m
[10:57:37] [Server thread/INFO]: saukia lost connection: Disconnected
[10:57:40] [User Authenticator #5/INFO]: UUID of player saukia is 00561882-30e3-3bea-8c71-5b4ec16560a2
[10:57:40] [Server thread/INFO]: saukia[/127.0.0.1:3922] logged in with entity id 120 at ([world]545.4416812715369, 70.0, 1656.837141134788)
[10:57:41] [Server thread/INFO]: [0;32;22m[21msaukia [0;36;1m[21ma rejoint la partie ![m
[10:57:49] [Server thread/INFO]: MaitreRouge issued server command: /gamestart
[10:57:49] [Server thread/INFO]: Que le meilleur gagne ![m
[10:58:13] [Server thread/INFO]: MaitreRouge issued server command: /gamestop
[10:58:13] [Server thread/INFO]: Set Yanis's game mode to Spectator Mode
[10:58:13] [Server thread/INFO]: Set MaitreRouge's game mode to Spectator Mode
[10:58:13] [Server thread/INFO]: Set saukia's game mode to Spectator Mode
[10:58:13] [Server thread/INFO]: Shrinking the world border to 50.0 blocks wide over 5 seconds
[10:58:25] [Server thread/INFO]: MaitreRouge issued server command: /gamestart
[10:58:25] [Server thread/INFO]: Que le meilleur gagne ![m
[10:58:33] [Server thread/INFO]: saukia issued server command: /gamemode creative @a
[10:58:33] [Server thread/INFO]: [saukia: Set Yanis's game mode to Creative Mode]
[10:58:33] [Server thread/INFO]: [saukia: Set MaitreRouge's game mode to Creative Mode]
[10:58:33] [Server thread/INFO]: [saukia: Set own game mode to Creative Mode]
[10:58:39] [Server thread/INFO]: MaitreRouge issued server command: /gamestart
[10:58:39] [Server thread/INFO]: Que le meilleur gagne ![m
[10:59:01] [Server thread/INFO]: MaitreRouge issued server command: /worldborder set 300 1
[10:59:01] [Server thread/INFO]: [MaitreRouge: Growing the world border to 300.0 blocks wide over 1 seconds]
[10:59:13] [Server thread/INFO]: saukia issued server command: /gamestop
[10:59:13] [Server thread/INFO]: Set Yanis's game mode to Spectator Mode
[10:59:13] [Server thread/INFO]: Set MaitreRouge's game mode to Spectator Mode
[10:59:13] [Server thread/INFO]: Set saukia's game mode to Spectator Mode
[10:59:13] [Server thread/INFO]: Shrinking the world border to 50.0 blocks wide over 5 seconds
[11:01:51] [Server thread/INFO]: Yanis issued server command: /skript reload minecraft
[11:02:22] [Server thread/WARN]: Can't keep up! Is the server overloaded? Running 5039ms or 100 ticks behind
[11:02:24] [Server thread/INFO]: Yanis issued server command: /skript reload Coffres
[11:05:25] [Server thread/INFO]: MaitreRouge issued server command: /kill saukia
[11:05:26] [Server thread/INFO]: saukia a été tué par <none> !
[11:05:26] [Server thread/INFO]: [MaitreRouge: Killed saukia]
[11:07:49] [Server thread/INFO]: Yanis lost connection: Disconnected
[11:08:20] [Server thread/INFO]: saukia issued server command: /skript reload minecraft
[11:10:24] [Server thread/INFO]: saukia issued server command: /skript reload minecraft
[11:13:08] [Server thread/INFO]: saukia issued server command: /skript reload minecraft
[11:14:22] [Server thread/INFO]: saukia issued server command: /skript reload minecraft
[11:14:43] [Server thread/INFO]: MaitreRouge issued server command: /title @a title {"text":"Début dans...","bold":true,"color":"blue"}
[11:14:43] [Server thread/INFO]: [MaitreRouge: Showing new title for 2 players]
[11:15:44] [User Authenticator #6/INFO]: UUID of player Yanis is b2583827-9eeb-3dd9-8189-e08f4caf85d4
[11:15:44] [Server thread/INFO]: Yanis[/192.168.43.115:51591] logged in with entity id 198 at ([world]563.1218520815684, 71.80265654198436, 1647.641807879788)
[11:15:45] [Server thread/INFO]: [0;32;22m[21mYanis [0;36;1m[21ma rejoint la partie ![m
[11:16:03] [Server thread/INFO]: MaitreRouge issued server command: /title @a title {"text":"Début dans...","bold":true,"color":"blue"}
[11:16:03] [Server thread/INFO]: [MaitreRouge: Showing new title for 3 players]
[11:16:08] [Server thread/INFO]: saukia issued server command: /skript reload minecraft
[11:16:42] [Server thread/INFO]: Yanis issued server command: /gamemode
[11:16:52] [Server thread/INFO]: Yanis issued server command: /gamemode creative
[11:16:52] [Server thread/INFO]: [Yanis: Set own game mode to Creative Mode]
[11:17:19] [Server thread/INFO]: saukia issued server command: /skript reload minecraft
[11:18:00] [Server thread/INFO]: saukia issued server command: /skript reload minecraft
[11:18:26] [Server thread/INFO]: saukia issued server command: /skript reload minecraft
[11:19:00] [Server thread/INFO]: Yanis issued server command: /gamestart
[11:19:00] [Server thread/INFO]: Que le meilleur gagne ![m
[11:19:00] [Server thread/INFO]: Growing the world border to 300.0 blocks wide over 10 seconds
[11:19:56] [Server thread/INFO]: saukia issued server command: /skript reload minecraft
[11:20:39] [Server thread/INFO]: Yanis issued server command: /time set 0
[11:20:39] [Server thread/INFO]: [Yanis: Set the time to 0]
[11:20:47] [Async Chat Thread - #0/INFO]: <MaitreRouge> sdfsfsdf[m
[11:20:52] [Server thread/INFO]: MaitreRouge issued server command: /gamestop
[11:20:52] [Server thread/INFO]: Set Yanis's game mode to Spectator Mode
[11:20:52] [Server thread/INFO]: Shrinking the world border to 50.0 blocks wide over 5 seconds
[11:21:23] [Server thread/INFO]: saukia issued server command: /skript reload minecraft
[11:21:44] [Server thread/INFO]: saukia issued server command: /skript reload minecraft
[11:22:07] [Server thread/INFO]: saukia issued server command: /skript reload minecraft
[11:22:47] [Server thread/INFO]: MaitreRouge issued server command: /gamestart
[11:22:47] [Server thread/INFO]: Que le meilleur gagne ![m
[11:22:47] [Server thread/INFO]: Growing the world border to 300.0 blocks wide over 10 seconds
[11:22:51] [Server thread/INFO]: MaitreRouge issued server command: /gamestop
[11:22:51] [Server thread/INFO]: Shrinking the world border to 50.0 blocks wide over 5 seconds
[11:23:06] [Server thread/INFO]: saukia issued server command: /gamemode creative
[11:23:06] [Server thread/INFO]: [saukia: Set own game mode to Creative Mode]
[11:23:11] [Server thread/INFO]: MaitreRouge issued server command: /gamestart
[11:23:11] [Server thread/INFO]: Que le meilleur gagne ![m
[11:23:11] [Server thread/INFO]: Growing the world border to 300.0 blocks wide over 10 seconds
[11:23:12] [Server thread/INFO]: Yanis issued server command: /gamemode
[11:23:16] [Server thread/INFO]: MaitreRouge issued server command: /gamemode creative
[11:23:16] [Server thread/INFO]: [MaitreRouge: Set own game mode to Creative Mode]
[11:23:17] [Server thread/INFO]: Yanis issued server command: /gamemode creative
[11:23:17] [Server thread/INFO]: [Yanis: Set own game mode to Creative Mode]
[11:23:26] [Server thread/INFO]: MaitreRouge issued server command: /gamestop
[11:23:26] [Server thread/INFO]: Set MaitreRouge's game mode to Spectator Mode
[11:23:26] [Server thread/INFO]: Set saukia's game mode to Spectator Mode
[11:23:26] [Server thread/INFO]: Set Yanis's game mode to Spectator Mode
[11:23:26] [Server thread/INFO]: Shrinking the world border to 50.0 blocks wide over 5 seconds
[11:23:39] [Server thread/INFO]: saukia issued server command: /gamestop
[11:23:39] [Server thread/INFO]: Nothing changed. The world border is already that size
[11:23:40] [Server thread/INFO]: Yanis issued server command: /gamemode creative
[11:23:40] [Server thread/INFO]: [Yanis: Set own game mode to Creative Mode]
[11:24:20] [Server thread/INFO]: saukia issued server command: /skript reload minecraft
[11:24:30] [Server thread/INFO]: saukia issued server command: /gamestop
[11:24:30] [Server thread/INFO]: Set Yanis's game mode to Spectator Mode
[11:24:30] [Server thread/INFO]: Nothing changed. The world border is already that size
[11:25:01] [Server thread/INFO]: MaitreRouge lost connection: Disconnected
[11:25:01] [Server thread/INFO]: [0;32;22m[21mMaitreRouge [0;36;1m[21ma quitté la partie ![m
[11:25:03] [User Authenticator #7/INFO]: UUID of player MaitreRouge is c5f01ead-7b59-3ef0-8382-3708a0a20d7c
[11:25:04] [Server thread/INFO]: MaitreRouge[/192.168.43.213:61078] logged in with entity id 201 at ([world]579.0602865909531, 71.67366605276665, 1670.7145039233624)
[11:25:04] [Server thread/INFO]: [0;32;22m[21mMaitreRouge [0;36;1m[21ma rejoint la partie ![m
[11:26:24] [Server thread/INFO]: saukia issued server command: /skript reload minecraft
[11:26:24] [Server thread/INFO]: MaitreRouge issued server command: /sk reload minecraft
[11:26:34] [Server thread/INFO]: MaitreRouge issued server command: /gamestart
[11:26:34] [Server thread/INFO]: Que le meilleur gagne ![m
[11:26:34] [Server thread/INFO]: Growing the world border to 300.0 blocks wide over 10 seconds
[11:26:50] [Server thread/INFO]: MaitreRouge issued server command: /gamestop
[11:26:50] [Server thread/INFO]: Shrinking the world border to 50.0 blocks wide over 5 seconds
[11:27:03] [Server thread/INFO]: MaitreRouge issued server command: /sk reload minecraft
[11:27:05] [Server thread/INFO]: MaitreRouge issued server command: /gamestop
[11:27:05] [Server thread/INFO]: Nothing changed. The world border is already that size
[11:27:12] [Server thread/INFO]: MaitreRouge issued server command: /gamestop
[11:27:12] [Server thread/INFO]: Nothing changed. The world border is already that size
[11:29:13] [Server thread/INFO]: MaitreRouge issued server command: /gamemode creative @
[11:29:15] [Server thread/INFO]: MaitreRouge issued server command: /gamemode creative @a
[11:29:15] [Server thread/INFO]: [MaitreRouge: Set saukia's game mode to Creative Mode]
[11:29:15] [Server thread/INFO]: [MaitreRouge: Set Yanis's game mode to Creative Mode]
[11:29:15] [Server thread/INFO]: [MaitreRouge: Set own game mode to Creative Mode]
[11:29:31] [Server thread/INFO]: saukia lost connection: Disconnected
[11:29:31] [Server thread/INFO]: [0;32;22m[21msaukia [0;36;1m[21ma quitté la partie ![m
[11:29:48] [User Authenticator #8/INFO]: UUID of player saukia is 00561882-30e3-3bea-8c71-5b4ec16560a2
[11:29:48] [Server thread/INFO]: saukia[/127.0.0.1:4245] logged in with entity id 235 at ([world]554.2992510058205, 80.97422164366554, 1647.8908860428655)
[11:29:49] [Server thread/INFO]: [0;32;22m[21msaukia [0;36;1m[21ma rejoint la partie ![m
[11:30:04] [Server thread/INFO]: saukia lost connection: Disconnected
[11:30:04] [Server thread/INFO]: [0;32;22m[21msaukia [0;36;1m[21ma quitté la partie ![m
[11:30:53] [Server thread/INFO]: MaitreRouge issued server command: /gamerul
[11:30:57] [Server thread/INFO]: MaitreRouge issued server command: /gamestart
[11:30:57] [Server thread/INFO]: Que le meilleur gagne ![m
[11:30:57] [Server thread/INFO]: Growing the world border to 300.0 blocks wide over 10 seconds
[11:31:02] [Server thread/INFO]: MaitreRouge issued server command: /gamestop
[11:31:02] [Server thread/INFO]: Set Yanis's game mode to Spectator Mode
[11:31:02] [Server thread/INFO]: Set MaitreRouge's game mode to Spectator Mode
[11:31:02] [Server thread/INFO]: Shrinking the world border to 50.0 blocks wide over 5 seconds
[11:32:00] [Server thread/INFO]: MaitreRouge issued server command: /sk reload coffres
[11:32:02] [User Authenticator #9/INFO]: UUID of player saukia is 00561882-30e3-3bea-8c71-5b4ec16560a2
[11:32:02] [Server thread/INFO]: saukia[/127.0.0.1:4299] logged in with entity id 237 at ([world]557.0110348594546, 86.59906762183519, 1670.9032808551697)
[11:32:03] [Server thread/INFO]: [0;32;22m[21msaukia [0;36;1m[21ma rejoint la partie ![m
[11:32:14] [Server thread/INFO]: MaitreRouge issued server command: /gamerule
[11:32:24] [Server thread/INFO]: MaitreRouge issued server command: /gamemode creative
[11:32:24] [Server thread/INFO]: [MaitreRouge: Set own game mode to Creative Mode]
[11:32:49] [Server thread/INFO]: saukia issued server command: /time set day
[11:32:49] [Server thread/INFO]: [saukia: Set the time to 1000]
[11:32:56] [Server thread/INFO]: MaitreRouge issued server command: /worldborder set 300 20
[11:32:56] [Server thread/INFO]: [MaitreRouge: Growing the world border to 300.0 blocks wide over 20 seconds]
[11:35:41] [Server thread/INFO]: Yanis issued server command: /gamemode creative
[11:35:41] [Server thread/INFO]: [Yanis: Set own game mode to Creative Mode]
[11:36:41] [Server thread/INFO]: MaitreRouge issued server command: /sk reload coffres
[11:39:52] [Server thread/INFO]: MaitreRouge issued server command: /sk reload coffres
[11:41:46] [Server thread/INFO]: saukia issued server command: /time set day
[11:41:46] [Server thread/INFO]: [saukia: Set the time to 1000]
[11:42:54] [Server thread/INFO]: saukia lost connection: Disconnected
[11:42:54] [Server thread/INFO]: [0;32;22m[21msaukia [0;36;1m[21ma quitté la partie ![m
[11:45:28] [Async Chat Thread - #1/INFO]: <MaitreRouge> https://skript-mc.fr/forum/topic/3081-remplir-al%C3%A9atoirement-des-coffres/[m
[11:51:41] [Server thread/INFO]: Yanis issued server command: /time set day 0
[11:51:48] [Server thread/INFO]: Yanis issued server command: /time set day
[11:51:48] [Server thread/INFO]: [Yanis: Set the time to 1000]
[11:52:49] [Server thread/INFO]: MaitreRouge issued server command: /deop Yanis
[11:52:49] [Server thread/INFO]: [MaitreRouge: Made Yanis no longer a server operator]
[11:53:26] [Server thread/INFO]: MaitreRouge lost connection: Timed out
[11:53:26] [Server thread/INFO]: [0;32;22m[21mMaitreRouge [0;36;1m[21ma quitté la partie ![m
[11:57:22] [Server thread/INFO]: Yanis lost connection: Disconnected
[11:57:22] [Server thread/INFO]: [0;32;22m[21mYanis [0;36;1m[21ma quitté la partie ![m
[13:01:29] [Server thread/WARN]: Can't keep up! Is the server overloaded? Running 3818271ms or 76365 ticks behind
[13:04:10] [User Authenticator #10/INFO]: UUID of player Yanis is b2583827-9eeb-3dd9-8189-e08f4caf85d4
[13:04:11] [Server thread/INFO]: Yanis[/192.168.43.115:51936] logged in with entity id 355 at ([world]552.5939275299075, 70.0, 1639.4608545410545)
[13:04:11] [Server thread/INFO]: [0;32;22m[21mYanis [0;36;1m[21ma rejoint la partie ![m
[13:04:45] [Server thread/INFO]: Yanis issued server command: /skript reload minecraft
[13:04:58] [Server thread/INFO]: Made Yanis a server operator
[13:05:03] [Server thread/INFO]: Yanis issued server command: /skript reload minecraft
[13:05:11] [Server thread/INFO]: Yanis issued server command: /time set day
[13:05:11] [Server thread/INFO]: [Yanis: Set the time to 1000]
[13:05:17] [Server thread/INFO]: Yanis issued server command: /gamestart
[13:05:21] [Server thread/INFO]: Que le meilleur gagne ![m
[13:05:21] [Server thread/INFO]: Nothing changed. The world border is already that size
[13:05:25] [Server thread/INFO]: Yanis issued server command: /gamestart
[13:05:30] [Server thread/INFO]: Que le meilleur gagne ![m
[13:05:30] [Server thread/INFO]: Nothing changed. The world border is already that size
[13:05:42] [Server thread/INFO]: Yanis issued server command: /gamestop
[13:05:42] [Server thread/INFO]: Set Yanis's game mode to Spectator Mode
[13:05:42] [Server thread/INFO]: Shrinking the world border to 50.0 blocks wide over 5 seconds
[13:05:45] [Async Chat Thread - #2/INFO]: <Yanis> .[m
[13:05:51] [Server thread/INFO]: Yanis issued server command: /gamestart
[13:05:55] [Server thread/INFO]: Que le meilleur gagne ![m
[13:05:55] [Server thread/INFO]: Growing the world border to 300.0 blocks wide over 10 seconds
[13:06:05] [Server thread/INFO]: Yanis issued server command: /gamestop
[13:06:05] [Server thread/INFO]: Shrinking the world border to 50.0 blocks wide over 5 seconds
[13:06:39] [Server thread/INFO]: Yanis issued server command: /gamemode
[13:06:45] [Server thread/INFO]: Yanis issued server command: /gamemode creative
[13:06:45] [Server thread/INFO]: [Yanis: Set own game mode to Creative Mode]
[13:06:46] [User Authenticator #11/INFO]: UUID of player saukia is 00561882-30e3-3bea-8c71-5b4ec16560a2
[13:06:49] [Server thread/INFO]: saukia[/127.0.0.1:4632] logged in with entity id 356 at ([world]564.7816005328442, 73.75175218445877, 1666.2193752794904)
[13:06:50] [Server thread/WARN]: Yanis moved too quickly! 0.0,-10.172471804505477,0.0
[13:06:52] [Server thread/INFO]: [0;32;22m[21msaukia [0;36;1m[21ma rejoint la partie ![m
[13:07:12] [Server thread/INFO]: Yanis lost connection: Disconnected
[13:07:12] [Server thread/INFO]: [0;32;22m[21mYanis [0;36;1m[21ma quitté la partie ![m
[13:07:15] [User Authenticator #12/INFO]: UUID of player Yanis is b2583827-9eeb-3dd9-8189-e08f4caf85d4
[13:07:15] [Server thread/INFO]: Yanis[/192.168.43.115:51940] logged in with entity id 357 at ([world]550.0804771370402, 81.07330490770329, 1664.0379186329246)
[13:07:16] [Server thread/INFO]: [0;32;22m[21mYanis [0;36;1m[21ma rejoint la partie ![m
[13:09:23] [User Authenticator #13/INFO]: UUID of player MaitreRouge is c5f01ead-7b59-3ef0-8382-3708a0a20d7c
[13:09:24] [Server thread/INFO]: MaitreRouge[/192.168.43.213:61706] logged in with entity id 358 at ([world]561.3101428771588, 75.62065710253162, 1675.3538451103498)
[13:09:24] [Server thread/INFO]: [0;32;22m[21mMaitreRouge [0;36;1m[21ma rejoint la partie ![m
[13:09:49] [Server thread/INFO]: MaitreRouge lost connection: Timed out
[13:09:49] [Server thread/INFO]: [0;32;22m[21mMaitreRouge [0;36;1m[21ma quitté la partie ![m
[13:10:48] [Server thread/INFO]: Yanis has made the advancement [Enchanter]
[13:11:09] [User Authenticator #14/INFO]: UUID of player MaitreRouge is c5f01ead-7b59-3ef0-8382-3708a0a20d7c
[13:11:09] [Server thread/INFO]: MaitreRouge[/192.168.43.213:61747] logged in with entity id 359 at ([world]561.3101428771588, 75.62065710253162, 1675.3538451103498)
[13:11:10] [Server thread/INFO]: [0;32;22m[21mMaitreRouge [0;36;1m[21ma rejoint la partie ![m
[13:11:56] [Server thread/INFO]: MaitreRouge issued server command: /playsound minecraft:mob
[13:12:56] [Server thread/INFO]: MaitreRouge issued server command: /playsound random.anvil_break
[13:13:04] [Server thread/INFO]: MaitreRouge issued server command: /playsound random.anvil_break ambient @a
[13:13:04] [Server thread/INFO]: [MaitreRouge: Played sound minecraft:random.anvil_break to 3 players]
[13:13:08] [Server thread/INFO]: MaitreRouge issued server command: /playsound random.anvil_break ambient @a
[13:13:08] [Server thread/INFO]: [MaitreRouge: Played sound minecraft:random.anvil_break to 3 players]
[13:13:14] [Server thread/INFO]: MaitreRouge issued server command: /playsound random.anvil_break block
[13:13:17] [Server thread/INFO]: MaitreRouge issued server command: /playsound random.anvil_break block @a
[13:13:17] [Server thread/INFO]: [MaitreRouge: Played sound minecraft:random.anvil_break to 3 players]
[13:13:37] [Server thread/INFO]: MaitreRouge issued server command: /playsound random.anvil_break player @a
[13:13:37] [Server thread/INFO]: [MaitreRouge: Played sound minecraft:random.anvil_break to 3 players]
[13:13:49] [Server thread/INFO]: MaitreRouge issued server command: /playsound random.anvil_break player @a
[13:13:49] [Server thread/INFO]: [MaitreRouge: Played sound minecraft:random.anvil_break to 3 players]
[13:14:09] [Server thread/INFO]: MaitreRouge issued server command: /playsound random.anvil_break @a
[13:14:41] [Server thread/INFO]: MaitreRouge issued server command: /playsound mob.wither.death ambient @a
[13:14:41] [Server thread/INFO]: [MaitreRouge: Played sound minecraft:mob.wither.death to 3 players]
[13:14:47] [Server thread/INFO]: MaitreRouge issued server command: /playsound mob.wither.death hostile @a
[13:14:47] [Server thread/INFO]: [MaitreRouge: Played sound minecraft:mob.wither.death to 3 players]
[13:14:52] [Server thread/INFO]: MaitreRouge issued server command: /playsound mob.wither.death music
[13:14:56] [Server thread/INFO]: MaitreRouge issued server command: /playsound mob.wither.death music @a
[13:14:56] [Server thread/INFO]: [MaitreRouge: Played sound minecraft:mob.wither.death to 3 players]
[13:14:57] [Server thread/INFO]: MaitreRouge issued server command: /playsound mob.wither.death music @a
[13:14:57] [Server thread/INFO]: [MaitreRouge: Played sound minecraft:mob.wither.death to 3 players]
[13:15:24] [Server thread/INFO]: Yanis issued server command: /skript reload minecraft
[13:15:31] [Server thread/INFO]: MaitreRouge lost connection: Timed out
[13:15:31] [Server thread/INFO]: [0;32;22m[21mMaitreRouge [0;36;1m[21ma quitté la partie ![m
[13:15:35] [Server thread/INFO]: Yanis issued server command: /gamestart
[13:15:41] [Server thread/INFO]: Yanis issued server command: /gamestart
[13:15:45] [Server thread/INFO]: [0;32;1m[21mQue le meilleur gagne ![m
[13:15:45] [Server thread/INFO]: Growing the world border to 300.0 blocks wide over 11 seconds
[13:15:50] [Server thread/INFO]: [0;32;1m[21mQue le meilleur gagne ![m
[13:15:50] [Server thread/INFO]: Growing the world border to 300.0 blocks wide over 11 seconds
[13:16:51] [Server thread/INFO]: saukia issued server command: /gamestart
[13:17:01] [Server thread/INFO]: [0;32;1m[21mQue le meilleur gagne ![m
[13:17:01] [Server thread/INFO]: Nothing changed. The world border is already that size
[13:17:03] [User Authenticator #15/INFO]: UUID of player MaitreRouge is c5f01ead-7b59-3ef0-8382-3708a0a20d7c
[13:17:04] [Server thread/INFO]: MaitreRouge[/192.168.43.213:61824] logged in with entity id 360 at ([world]556.4455626177249, 75.62065710253162, 1660.0204800493837)
[13:17:05] [Server thread/INFO]: [0;32;22m[21mMaitreRouge [0;36;1m[21ma rejoint la partie ![m
[13:17:18] [Server thread/INFO]: saukia issued server command: /gamestart
[13:17:28] [Server thread/INFO]: [0;32;1m[21mQue le meilleur gagne ![m
[13:17:28] [Server thread/INFO]: Nothing changed. The world border is already that size
[13:18:52] [Server thread/INFO]: Yanis issued server command: /time set
[13:18:59] [Server thread/INFO]: Yanis issued server command: /time set day
[13:18:59] [Server thread/INFO]: [Yanis: Set the time to 1000]
[13:19:09] [Server thread/INFO]: MaitreRouge lost connection: Timed out
[13:19:09] [Server thread/INFO]: [0;32;22m[21mMaitreRouge [0;36;1m[21ma quitté la partie ![m
[13:20:20] [Server thread/INFO]: Yanis issued server command: /gamemode survival
[13:20:20] [Server thread/INFO]: [Yanis: Set own game mode to Survival Mode]
[13:20:33] [Server thread/INFO]: Yanis issued server command: /skript reload minecraft
[13:21:02] [Server thread/INFO]: Yanis issued server command: /skript reload minecraft
[13:22:10] [Server thread/INFO]: Yanis issued server command: /skript reload minecraft
[13:23:08] [User Authenticator #16/INFO]: UUID of player MaitreRouge is c5f01ead-7b59-3ef0-8382-3708a0a20d7c
[13:23:09] [Server thread/INFO]: MaitreRouge[/192.168.43.213:61967] logged in with entity id 363 at ([world]564.593645814119, 70.5, 1664.9320145689496)
[13:23:09] [Server thread/INFO]: [0;32;22m[21mMaitreRouge [0;36;1m[21ma rejoint la partie ![m
[13:23:34] [Server thread/INFO]: MaitreRouge lost connection: Timed out
[13:23:34] [Server thread/INFO]: [0;32;22m[21mMaitreRouge [0;36;1m[21ma quitté la partie ![m
[13:23:35] [Server thread/INFO]: Yanis issued server command: /skript reload minecraft
[13:24:35] [User Authenticator #17/INFO]: UUID of player MaitreRouge is c5f01ead-7b59-3ef0-8382-3708a0a20d7c
[13:24:35] [Server thread/INFO]: MaitreRouge[/192.168.43.213:61982] logged in with entity id 364 at ([world]564.593645814119, 70.5, 1664.9320145689496)
[13:24:36] [Server thread/INFO]: [0;32;22m[21mMaitreRouge [0;36;1m[21ma rejoint la partie ![m
[13:24:51] [Server thread/INFO]: MaitreRouge issued server command: /sk reload minecraft
[13:26:12] [Server thread/INFO]: Yanis issued server command: /gamemode creative
[13:26:12] [Server thread/INFO]: [Yanis: Set own game mode to Creative Mode]
[13:28:20] [Server thread/INFO]: Yanis issued server command: /gamemode survival
[13:28:20] [Server thread/INFO]: [Yanis: Set own game mode to Survival Mode]
[13:28:39] [Server thread/INFO]: Yanis issued server command: /gamemode creative
[13:28:39] [Server thread/INFO]: [Yanis: Set own game mode to Creative Mode]
[13:28:44] [Async Chat Thread - #3/INFO]: <MaitreRouge> cobbletone[m
[13:28:54] [Async Chat Thread - #3/INFO]: <MaitreRouge> cobblestone[m
[13:29:13] [Server thread/INFO]: Yanis issued server command: /time set day
[13:29:13] [Server thread/INFO]: [Yanis: Set the time to 1000]
[13:29:16] [Server thread/INFO]: Yanis has made the advancement [Stone Age]
[13:30:51] [Server thread/INFO]: Yanis issued server command: /skript reload minecraft
[13:31:55] [Server thread/INFO]: Yanis issued server command: /skript reload minecraft
[13:32:53] [Server thread/INFO]: Yanis issued server command: /skript reload minecraft
[13:33:51] [Server thread/INFO]: Yanis issued server command: /skript reload minecraft
[13:34:19] [Server thread/INFO]: Yanis issued server command: /skript reload minecraft
[13:39:58] [Async Chat Thread - #4/INFO]: <MaitreRouge> Jpeux vous niquer ?[m
[13:40:05] [Async Chat Thread - #4/INFO]: <Yanis> Non merci[m
[13:40:10] [Async Chat Thread - #4/INFO]: <MaitreRouge> Alors Hugo[m
[13:40:20] [Async Chat Thread - #4/INFO]: <Yanis> Oui il adore ca[m
[13:40:41] [Async Chat Thread - #4/INFO]: <MaitreRouge> xD[m
[13:40:58] [Server thread/INFO]: Yanis issued server command: /skript reload minecraft
[13:41:01] [Server thread/INFO]: Yanis issued server command: /skript reload minecraft
[13:41:16] [Server thread/INFO]: MaitreRouge lost connection: Timed out
[13:41:16] [Server thread/INFO]: [0;32;22m[21mMaitreRouge [0;36;1m[21ma quitté la partie ![m
[13:41:22] [Server thread/INFO]: Yanis issued server command: /clear
[13:41:22] [Server thread/INFO]: [Yanis: Removed 10 items from player Yanis]
[13:41:53] [Server thread/INFO]: Yanis issued server command: /time set day
[13:41:53] [Server thread/INFO]: [Yanis: Set the time to 1000]
[13:42:01] [Server thread/INFO]: Yanis issued server command: /skript reload minecraft
[13:42:03] [User Authenticator #18/INFO]: UUID of player MaitreRouge is c5f01ead-7b59-3ef0-8382-3708a0a20d7c
[13:42:04] [Server thread/INFO]: MaitreRouge[/192.168.43.213:62200] logged in with entity id 368 at ([world]599.2220816391911, 70.0, 1663.3000448560247)
[13:42:04] [Server thread/INFO]: [0;32;22m[21mMaitreRouge [0;36;1m[21ma rejoint la partie ![m
[13:42:16] [Server thread/INFO]: Yanis issued server command: /gamemode
[13:42:19] [Async Chat Thread - #5/INFO]: <MaitreRouge> PUTES[m
[13:42:25] [Server thread/INFO]: Yanis issued server command: /gamemode survival
[13:42:25] [Server thread/INFO]: [Yanis: Set own game mode to Survival Mode]
[13:42:29] [Server thread/INFO]: MaitreRouge lost connection: Timed out
[13:42:29] [Server thread/INFO]: [0;32;22m[21mMaitreRouge [0;36;1m[21ma quitté la partie ![m
[13:42:53] [Server thread/INFO]: Yanis issued server command: /give
[13:43:10] [Server thread/INFO]: Yanis issued server command: /give Yanis minecraft:wooden_axe
[13:43:10] [Server thread/INFO]: [Yanis: Gave 1 [Wooden Axe] to Yanis]
[13:43:35] [User Authenticator #19/INFO]: UUID of player MaitreRouge is c5f01ead-7b59-3ef0-8382-3708a0a20d7c
[13:43:35] [Server thread/INFO]: MaitreRouge[/192.168.43.213:62213] logged in with entity id 371 at ([world]552.2016692797858, 71.24947197770308, 1642.5610234577719)
[13:43:36] [Server thread/INFO]: [0;32;22m[21mMaitreRouge [0;36;1m[21ma rejoint la partie ![m
[13:44:15] [Server thread/INFO]: Yanis issued server command: /gamemode creative
[13:44:15] [Server thread/INFO]: [Yanis: Set own game mode to Creative Mode]
[13:45:26] [Server thread/INFO]: Yanis issued server command: /tp
[13:45:27] [Server thread/INFO]: MaitreRouge issued server command: /gamemode spectator
[13:45:27] [Server thread/INFO]: [MaitreRouge: Set own game mode to Spectator Mode]
[13:45:31] [Server thread/INFO]: Yanis issued server command: /tp MaitreRouge
[13:45:31] [Server thread/INFO]: [Yanis: Teleported Yanis to MaitreRouge]
[13:46:05] [Server thread/INFO]: Yanis issued server command: /gamemode survival
[13:46:05] [Server thread/INFO]: [Yanis: Set own game mode to Survival Mode]
[13:46:16] [Server thread/INFO]: Yanis issued server command: /skript reload mineraft
[13:46:25] [Server thread/INFO]: Yanis issued server command: /skript reload minecraft
[13:47:51] [Server thread/INFO]: Yanis issued server command: /gamemode creative
[13:47:51] [Server thread/INFO]: [Yanis: Set own game mode to Creative Mode]
[13:48:38] [Server thread/INFO]: Yanis issued server command: /tp
[13:48:43] [Server thread/INFO]: Yanis issued server command: /tp MaitreRouge
[13:48:43] [Server thread/INFO]: [Yanis: Teleported Yanis to MaitreRouge]
[13:48:51] [Server thread/INFO]: MaitreRouge issued server command: /gamemode creative
[13:48:51] [Server thread/INFO]: [MaitreRouge: Set own game mode to Creative Mode]
[13:48:55] [Server thread/INFO]: Yanis issued server command: /kill
[13:48:55] [Server thread/INFO]: Yanis a été tué par <none> !
[13:48:55] [Server thread/INFO]: [Yanis: Killed Yanis]
[13:48:57] [Server thread/INFO]: MaitreRouge has made the advancement [Stone Age]
[13:49:51] [Server thread/INFO]: saukia issued server command: /kill
[13:49:51] [Server thread/INFO]: saukia a été tué par <none> !
[13:49:51] [Server thread/INFO]: [saukia: Killed saukia]
[13:49:59] [Server thread/WARN]: MaitreRouge moved too quickly! 0.31976952334548514,-0.5,10.043104582891146
[13:50:08] [Server thread/INFO]: MaitreRouge issued server command: /gamerule logAdminCommands false
[13:50:15] [Server thread/INFO]: Yanis issued server command: /kill
[13:50:15] [Server thread/INFO]: Yanis a été tué par <none> !
[13:50:22] [Server thread/INFO]: MaitreRouge issued server command: /gamerule commandBlockOutput false
[13:50:26] [Server thread/INFO]: Yanis issued server command: /kill
[13:50:26] [Server thread/INFO]: Yanis a été tué par <none> !
[13:50:59] [Server thread/INFO]: MaitreRouge issued server command: /gamerule showDeathMessages false
[13:51:06] [Server thread/INFO]: Yanis issued server command: /kill
[13:51:12] [Server thread/INFO]: MaitreRouge issued server command: /gamerule showDeathMessages true
[13:51:16] [Server thread/INFO]: Yanis issued server command: /kill
[13:51:16] [Server thread/INFO]: Yanis a été tué par <none> !
[13:51:28] [Server thread/INFO]: MaitreRouge issued server command: /deop Yanis
[13:51:35] [Server thread/INFO]: MaitreRouge issued server command: /kill Yanis
[13:51:35] [Server thread/INFO]: Yanis a été tué par <none> !
[13:51:44] [Server thread/INFO]: saukia issued server command: /op Yanis
[13:51:59] [Server thread/INFO]: saukia issued server command: /time set day
[13:52:57] [Server thread/INFO]: MaitreRouge issued server command: /pl
